<?xml version="1.0" encoding="UTF-8"?>
<!-- Generated by org.testng.reporters.JUnitReportReporter -->
<testsuite hostname="sabari" failures="0" tests="5" name="com.mediclaDomain.reddys.Scripts.TestCase2" time="125.995" errors="0" timestamp="18 Oct 2022 05:20:55 GMT" skipped="0">
  <testcase classname="com.mediclaDomain.reddys.Scripts.TestCase2" name="testcase2" time="24.398"/>
  <testcase classname="com.mediclaDomain.reddys.Scripts.TestCase2" name="testcase2" time="25.071"/>
  <testcase classname="com.mediclaDomain.reddys.Scripts.TestCase2" name="testcase2" time="24.893"/>
  <testcase classname="com.mediclaDomain.reddys.Scripts.TestCase2" name="testcase2" time="26.616"/>
  <testcase classname="com.mediclaDomain.reddys.Scripts.TestCase2" name="testcase2" time="25.017"/>
</testsuite> <!-- com.mediclaDomain.reddys.Scripts.TestCase2 -->
