<?xml version="1.0" encoding="UTF-8"?>
<!-- Generated by org.testng.reporters.JUnitReportReporter -->
<testsuite hostname="sabari" failures="0" tests="1" name="com.mediclaDomain.reddys.Scripts.TestCase1" time="19.191" errors="0" timestamp="18 Oct 2022 05:20:55 GMT" skipped="0">
  <testcase classname="com.mediclaDomain.reddys.Scripts.TestCase1" name="testcase1" time="19.191"/>
</testsuite> <!-- com.mediclaDomain.reddys.Scripts.TestCase1 -->
